<?xml version="1.0" encoding="UTF-8"?>
<testng-results skipped="0" failed="1" total="1" passed="0">
  <reporter-output>
  </reporter-output>
  <suite name="Default suite" duration-ms="23270" started-at="2015-03-16T00:25:59Z" finished-at="2015-03-16T00:26:22Z">
    <groups>
    </groups>
    <test name="Default test" duration-ms="23270" started-at="2015-03-16T00:25:59Z" finished-at="2015-03-16T00:26:22Z">
      <class name="RunningAssistantTest">
        <test-method status="PASS" signature="setUp()[pri:0, instance:RunningAssistantTest@2d7480c9]" name="setUp" is-config="true" duration-ms="15455" started-at="2015-03-15T19:25:59Z" finished-at="2015-03-15T19:26:14Z">
          <reporter-output>
          </reporter-output>
        </test-method> <!-- setUp -->
        <test-method status="FAIL" signature="test()[pri:0, instance:RunningAssistantTest@2d7480c9]" name="test" duration-ms="6240" started-at="2015-03-15T19:26:14Z" finished-at="2015-03-15T19:26:20Z">
          <exception class="org.openqa.selenium.NoSuchElementException">
            <message>
              <![CDATA[An element could not be located on the page using the given search parameters. (WARNING: The server did not provide any stacktrace information)
Command duration or timeout: 748 milliseconds
For documentation on this error, please visit: http://seleniumhq.org/exceptions/no_such_element.html
Build info: version: '2.45.0', revision: '5017cb8', time: '2015-02-26 23:59:50'
System info: host: 'Taesooui-MacBook-Air.local', ip: '172.31.99.99', os.name: 'Mac OS X', os.arch: 'x86_64', os.version: '10.10.2', java.version: '1.7.0_17'
*** Element info: {Using=name, value=Apps}
Session ID: 1a916545-69b1-42a7-b1e5-bcc3f9d13421
Driver info: org.openqa.selenium.remote.RemoteWebDriver
Capabilities [{platformVersion=4.1, app=/Users/kcoolsoo/Documents/workspace_kepler/RunningAssistantTest/Application/RunningAssistant.apk, platform=LINUX, databaseEnabled=false, javascriptEnabled=true, platformName=Android, deviceName=samsung-sgh_m919-93884d7c, browserName=Android, webStorageEnabled=false, networkConnectionEnabled=true, desired={app=/Users/kcoolsoo/Documents/workspace_kepler/RunningAssistantTest/Application/RunningAssistant.apk, deviceName=samsung-sgh_m919-93884d7c, platformName=Android}, locationContextEnabled=false, warnings={}, takesScreenshot=true}]]]>
            </message>
            <full-stacktrace>
              <![CDATA[org.openqa.selenium.NoSuchElementException: An element could not be located on the page using the given search parameters. (WARNING: The server did not provide any stacktrace information)
Command duration or timeout: 748 milliseconds
For documentation on this error, please visit: http://seleniumhq.org/exceptions/no_such_element.html
Build info: version: '2.45.0', revision: '5017cb8', time: '2015-02-26 23:59:50'
System info: host: 'Taesooui-MacBook-Air.local', ip: '172.31.99.99', os.name: 'Mac OS X', os.arch: 'x86_64', os.version: '10.10.2', java.version: '1.7.0_17'
*** Element info: {Using=name, value=Apps}
Session ID: 1a916545-69b1-42a7-b1e5-bcc3f9d13421
Driver info: org.openqa.selenium.remote.RemoteWebDriver
Capabilities [{platformVersion=4.1, app=/Users/kcoolsoo/Documents/workspace_kepler/RunningAssistantTest/Application/RunningAssistant.apk, platform=LINUX, databaseEnabled=false, javascriptEnabled=true, platformName=Android, deviceName=samsung-sgh_m919-93884d7c, browserName=Android, webStorageEnabled=false, networkConnectionEnabled=true, desired={app=/Users/kcoolsoo/Documents/workspace_kepler/RunningAssistantTest/Application/RunningAssistant.apk, deviceName=samsung-sgh_m919-93884d7c, platformName=Android}, locationContextEnabled=false, warnings={}, takesScreenshot=true}]
	at sun.reflect.NativeConstructorAccessorImpl.newInstance0(Native Method)
	at sun.reflect.NativeConstructorAccessorImpl.newInstance(NativeConstructorAccessorImpl.java:57)
	at sun.reflect.DelegatingConstructorAccessorImpl.newInstance(DelegatingConstructorAccessorImpl.java:45)
	at java.lang.reflect.Constructor.newInstance(Constructor.java:525)
	at org.openqa.selenium.remote.ErrorHandler.createThrowable(ErrorHandler.java:204)
	at org.openqa.selenium.remote.ErrorHandler.throwIfResponseFailed(ErrorHandler.java:156)
	at org.openqa.selenium.remote.RemoteWebDriver.execute(RemoteWebDriver.java:599)
	at org.openqa.selenium.remote.RemoteWebDriver.findElement(RemoteWebDriver.java:352)
	at org.openqa.selenium.remote.RemoteWebDriver.findElementByName(RemoteWebDriver.java:425)
	at org.openqa.selenium.By$ByName.findElement(By.java:299)
	at org.openqa.selenium.remote.RemoteWebDriver.findElement(RemoteWebDriver.java:344)
	at RunningAssistantTest.test(RunningAssistantTest.java:144)
	at sun.reflect.NativeMethodAccessorImpl.invoke0(Native Method)
	at sun.reflect.NativeMethodAccessorImpl.invoke(NativeMethodAccessorImpl.java:57)
	at sun.reflect.DelegatingMethodAccessorImpl.invoke(DelegatingMethodAccessorImpl.java:43)
	at java.lang.reflect.Method.invoke(Method.java:601)
	at org.testng.internal.MethodInvocationHelper.invokeMethod(MethodInvocationHelper.java:84)
	at org.testng.internal.Invoker.invokeMethod(Invoker.java:714)
	at org.testng.internal.Invoker.invokeTestMethod(Invoker.java:901)
	at org.testng.internal.Invoker.invokeTestMethods(Invoker.java:1231)
	at org.testng.internal.TestMethodWorker.invokeTestMethods(TestMethodWorker.java:127)
	at org.testng.internal.TestMethodWorker.run(TestMethodWorker.java:111)
	at org.testng.TestRunner.privateRun(TestRunner.java:767)
	at org.testng.TestRunner.run(TestRunner.java:617)
	at org.testng.SuiteRunner.runTest(SuiteRunner.java:334)
	at org.testng.SuiteRunner.runSequentially(SuiteRunner.java:329)
	at org.testng.SuiteRunner.privateRun(SuiteRunner.java:291)
	at org.testng.SuiteRunner.run(SuiteRunner.java:240)
	at org.testng.SuiteRunnerWorker.runSuite(SuiteRunnerWorker.java:52)
	at org.testng.SuiteRunnerWorker.run(SuiteRunnerWorker.java:86)
	at org.testng.TestNG.runSuitesSequentially(TestNG.java:1224)
	at org.testng.TestNG.runSuitesLocally(TestNG.java:1149)
	at org.testng.TestNG.run(TestNG.java:1057)
	at org.testng.remote.RemoteTestNG.run(RemoteTestNG.java:111)
	at org.testng.remote.RemoteTestNG.initAndRun(RemoteTestNG.java:204)
	at org.testng.remote.RemoteTestNG.main(RemoteTestNG.java:175)
]]>
            </full-stacktrace>
          </exception> <!-- org.openqa.selenium.NoSuchElementException -->
          <reporter-output>
          </reporter-output>
        </test-method> <!-- test -->
        <test-method status="PASS" signature="tearDown()[pri:0, instance:RunningAssistantTest@2d7480c9]" name="tearDown" is-config="true" duration-ms="946" started-at="2015-03-15T19:26:21Z" finished-at="2015-03-15T19:26:22Z">
          <reporter-output>
          </reporter-output>
        </test-method> <!-- tearDown -->
      </class> <!-- RunningAssistantTest -->
    </test> <!-- Default test -->
  </suite> <!-- Default suite -->
</testng-results>
